<?xml version="1.0" encoding="UTF-8"?>
<!-- Generated by org.testng.reporters.JUnitReportReporter -->
<testsuite hostname="ASPBS-263" failures="0" tests="3" name="com.test.SampleMavenProject.ParallelExecution" time="55.765" errors="0" timestamp="2022-06-29T19:00:23 IST" skipped="0">
  <testcase classname="com.test.SampleMavenProject.ParallelExecution" name="OpenGoogle" time="21.787"/>
  <system-out/>
  <testcase classname="com.test.SampleMavenProject.ParallelExecution" name="OpenEdge" time="15.599"/>
  <system-out/>
  <testcase classname="com.test.SampleMavenProject.ParallelExecution" name="OpenFirefox" time="18.379"/>
  <system-out/>
</testsuite> <!-- com.test.SampleMavenProject.ParallelExecution -->
