<?xml version="1.0" encoding="UTF-8"?>
<!-- Generated by org.testng.reporters.JUnitReportReporter -->
<testsuite hostname="ASPBS-263" failures="0" tests="1" name="com.test.SampleMavenProject.deleteMultipleRecord" time="3.854" errors="0" timestamp="2022-06-23T20:13:06 IST" skipped="0">
  <testcase classname="com.test.SampleMavenProject.deleteMultipleRecord" name="deleteRequest" time="3.854"/>
  <system-out/>
</testsuite> <!-- com.test.SampleMavenProject.deleteMultipleRecord -->
