<?xml version="1.0" encoding="UTF-8"?>
<!-- Generated by org.testng.reporters.JUnitReportReporter -->
<testsuite hostname="ASPBS-263" failures="0" tests="1" name="com.test.SampleMavenProject.GetRequest" time="5.384" errors="0" timestamp="2022-06-23T09:57:56 IST" skipped="0">
  <testcase classname="com.test.SampleMavenProject.GetRequest" name="getRequestlocal" time="5.384"/>
  <system-out/>
</testsuite> <!-- com.test.SampleMavenProject.GetRequest -->
