<?xml version="1.0" encoding="UTF-8"?>
<!-- Generated by org.testng.reporters.JUnitReportReporter -->
<testsuite hostname="ASPBS-263" failures="0" tests="1" name="com.test.SampleMavenProject.PostRequest" time="0.047" errors="0" timestamp="2022-06-23T20:46:43 IST" skipped="0">
  <testcase classname="com.test.SampleMavenProject.PostRequest" name="postRequest" time="0.047"/>
  <system-out/>
</testsuite> <!-- com.test.SampleMavenProject.PostRequest -->
